<?xml version="1.0" encoding="UTF-8"?>
<testsuite name="com.gicheol.book.springboot.web.HelloControllerTest" tests="2" skipped="0" failures="0" errors="0" timestamp="2020-11-27T14:16:19" hostname="Mac-mini.local" time="0.568">
  <properties/>
  <testcase name="helloDto_return" classname="com.gicheol.book.springboot.web.HelloControllerTest" time="0.555"/>
  <testcase name="hello_return" classname="com.gicheol.book.springboot.web.HelloControllerTest" time="0.012"/>
  <system-out><![CDATA[23:16:15.194 [Test worker] DEBUG org.springframework.test.context.junit4.SpringJUnit4ClassRunner - SpringJUnit4ClassRunner constructor called with [class com.gicheol.book.springboot.web.HelloControllerTest]
23:16:15.206 [Test worker] DEBUG org.springframework.test.context.BootstrapUtils - Instantiating CacheAwareContextLoaderDelegate from class [org.springframework.test.context.cache.DefaultCacheAwareContextLoaderDelegate]
23:16:15.223 [Test worker] DEBUG org.springframework.test.context.BootstrapUtils - Instantiating BootstrapContext using constructor [public org.springframework.test.context.support.DefaultBootstrapContext(java.lang.Class,org.springframework.test.context.CacheAwareContextLoaderDelegate)]
23:16:15.254 [Test worker] DEBUG org.springframework.test.context.BootstrapUtils - Instantiating TestContextBootstrapper for test class [com.gicheol.book.springboot.web.HelloControllerTest] from class [org.springframework.boot.test.autoconfigure.web.servlet.WebMvcTestContextBootstrapper]
23:16:15.288 [Test worker] INFO org.springframework.boot.test.autoconfigure.web.servlet.WebMvcTestContextBootstrapper - Neither @ContextConfiguration nor @ContextHierarchy found for test class [com.gicheol.book.springboot.web.HelloControllerTest], using SpringBootContextLoader
23:16:15.294 [Test worker] DEBUG org.springframework.test.context.support.AbstractContextLoader - Did not detect default resource location for test class [com.gicheol.book.springboot.web.HelloControllerTest]: class path resource [com/gicheol/book/springboot/web/HelloControllerTest-context.xml] does not exist
23:16:15.294 [Test worker] DEBUG org.springframework.test.context.support.AbstractContextLoader - Did not detect default resource location for test class [com.gicheol.book.springboot.web.HelloControllerTest]: class path resource [com/gicheol/book/springboot/web/HelloControllerTestContext.groovy] does not exist
23:16:15.295 [Test worker] INFO org.springframework.test.context.support.AbstractContextLoader - Could not detect default resource locations for test class [com.gicheol.book.springboot.web.HelloControllerTest]: no resource found for suffixes {-context.xml, Context.groovy}.
23:16:15.296 [Test worker] INFO org.springframework.test.context.support.AnnotationConfigContextLoaderUtils - Could not detect default configuration classes for test class [com.gicheol.book.springboot.web.HelloControllerTest]: HelloControllerTest does not declare any static, non-private, non-final, nested classes annotated with @Configuration.
23:16:15.403 [Test worker] DEBUG org.springframework.test.context.support.ActiveProfilesUtils - Could not find an 'annotation declaring class' for annotation type [org.springframework.test.context.ActiveProfiles] and class [com.gicheol.book.springboot.web.HelloControllerTest]
23:16:15.538 [Test worker] DEBUG org.springframework.context.annotation.ClassPathScanningCandidateComponentProvider - Identified candidate component class: file [/Users/ekkkk1/tools/AlgorithmDataStructure/commit/springboot_aws_webService/build/classes/java/main/com/gicheol/book/springboot/Application.class]
23:16:15.539 [Test worker] INFO org.springframework.boot.test.context.SpringBootTestContextBootstrapper - Found @SpringBootConfiguration com.gicheol.book.springboot.Application for test class com.gicheol.book.springboot.web.HelloControllerTest
23:16:15.543 [Test worker] DEBUG org.springframework.boot.test.autoconfigure.web.servlet.WebMvcTestContextBootstrapper - @TestExecutionListeners is not present for class [com.gicheol.book.springboot.web.HelloControllerTest]: using defaults.
23:16:15.544 [Test worker] INFO org.springframework.boot.test.autoconfigure.web.servlet.WebMvcTestContextBootstrapper - Loaded default TestExecutionListener class names from location [META-INF/spring.factories]: [org.springframework.security.test.context.support.WithSecurityContextTestExecutionListener, org.springframework.security.test.context.support.ReactorContextTestExecutionListener, org.springframework.boot.test.autoconfigure.restdocs.RestDocsTestExecutionListener, org.springframework.boot.test.autoconfigure.web.client.MockRestServiceServerResetTestExecutionListener, org.springframework.boot.test.autoconfigure.web.servlet.MockMvcPrintOnlyOnFailureTestExecutionListener, org.springframework.boot.test.autoconfigure.web.servlet.WebDriverTestExecutionListener, org.springframework.boot.test.mock.mockito.MockitoTestExecutionListener, org.springframework.boot.test.mock.mockito.ResetMocksTestExecutionListener, org.springframework.test.context.web.ServletTestExecutionListener, org.springframework.test.context.support.DirtiesContextBeforeModesTestExecutionListener, org.springframework.test.context.support.DependencyInjectionTestExecutionListener, org.springframework.test.context.support.DirtiesContextTestExecutionListener, org.springframework.test.context.transaction.TransactionalTestExecutionListener, org.springframework.test.context.jdbc.SqlScriptsTestExecutionListener]
23:16:15.577 [Test worker] INFO org.springframework.boot.test.autoconfigure.web.servlet.WebMvcTestContextBootstrapper - Using TestExecutionListeners: [org.springframework.test.context.web.ServletTestExecutionListener@677ecefb, org.springframework.test.context.support.DirtiesContextBeforeModesTestExecutionListener@846b063, org.springframework.boot.test.mock.mockito.MockitoTestExecutionListener@4f535881, org.springframework.boot.test.autoconfigure.SpringBootDependencyInjectionTestExecutionListener@69cc3c21, org.springframework.test.context.support.DirtiesContextTestExecutionListener@78542ef5, org.springframework.test.context.transaction.TransactionalTestExecutionListener@452c5c34, org.springframework.test.context.jdbc.SqlScriptsTestExecutionListener@10ee9340, org.springframework.security.test.context.support.WithSecurityContextTestExecutionListener@18cb8848, org.springframework.security.test.context.support.ReactorContextTestExecutionListener@41b12e22, org.springframework.boot.test.autoconfigure.restdocs.RestDocsTestExecutionListener@665b17dc, org.springframework.boot.test.autoconfigure.web.client.MockRestServiceServerResetTestExecutionListener@24bfcc4, org.springframework.boot.test.autoconfigure.web.servlet.MockMvcPrintOnlyOnFailureTestExecutionListener@4686bd0d, org.springframework.boot.test.autoconfigure.web.servlet.WebDriverTestExecutionListener@e8e4bc1, org.springframework.boot.test.mock.mockito.ResetMocksTestExecutionListener@30d5483b]
23:16:15.581 [Test worker] DEBUG org.springframework.test.annotation.ProfileValueUtils - Retrieved @ProfileValueSourceConfiguration [null] for test class [com.gicheol.book.springboot.web.HelloControllerTest]
23:16:15.582 [Test worker] DEBUG org.springframework.test.annotation.ProfileValueUtils - Retrieved ProfileValueSource type [class org.springframework.test.annotation.SystemProfileValueSource] for class [com.gicheol.book.springboot.web.HelloControllerTest]
23:16:15.583 [Test worker] DEBUG org.springframework.test.annotation.ProfileValueUtils - Retrieved @ProfileValueSourceConfiguration [null] for test class [com.gicheol.book.springboot.web.HelloControllerTest]
23:16:15.583 [Test worker] DEBUG org.springframework.test.annotation.ProfileValueUtils - Retrieved ProfileValueSource type [class org.springframework.test.annotation.SystemProfileValueSource] for class [com.gicheol.book.springboot.web.HelloControllerTest]
23:16:15.590 [Test worker] DEBUG org.springframework.test.context.support.AbstractDirtiesContextTestExecutionListener - Before test class: context [DefaultTestContext@6ea507d6 testClass = HelloControllerTest, testInstance = [null], testMethod = [null], testException = [null], mergedContextConfiguration = [WebMergedContextConfiguration@39e5560 testClass = HelloControllerTest, locations = '{}', classes = '{class com.gicheol.book.springboot.Application}', contextInitializerClasses = '[]', activeProfiles = '{}', propertySourceLocations = '{}', propertySourceProperties = '{org.springframework.boot.test.autoconfigure.web.servlet.WebMvcTestContextBootstrapper=true}', contextCustomizers = set[org.springframework.boot.test.autoconfigure.OverrideAutoConfigurationContextCustomizerFactory$DisableAutoConfigurationContextCustomizer@734fa180, org.springframework.boot.test.autoconfigure.filter.TypeExcludeFiltersContextCustomizer@8a65c6fb, org.springframework.boot.test.autoconfigure.properties.PropertyMappingContextCustomizer@f8663c5a, org.springframework.boot.test.autoconfigure.web.servlet.WebDriverContextCustomizerFactory$Customizer@30c46ad7, [ImportsContextCustomizer@604febff key = [org.springframework.boot.autoconfigure.cache.CacheAutoConfiguration, org.springframework.boot.autoconfigure.context.MessageSourceAutoConfiguration, org.springframework.boot.autoconfigure.data.web.SpringDataWebAutoConfiguration, org.springframework.boot.autoconfigure.freemarker.FreeMarkerAutoConfiguration, org.springframework.boot.autoconfigure.groovy.template.GroovyTemplateAutoConfiguration, org.springframework.boot.autoconfigure.gson.GsonAutoConfiguration, org.springframework.boot.autoconfigure.hateoas.HypermediaAutoConfiguration, org.springframework.boot.autoconfigure.http.HttpMessageConvertersAutoConfiguration, org.springframework.boot.autoconfigure.jackson.JacksonAutoConfiguration, org.springframework.boot.autoconfigure.jsonb.JsonbAutoConfiguration, org.springframework.boot.autoconfigure.mustache.MustacheAutoConfiguration, org.springframework.boot.autoconfigure.task.TaskExecutionAutoConfiguration, org.springframework.boot.autoconfigure.thymeleaf.ThymeleafAutoConfiguration, org.springframework.boot.autoconfigure.validation.ValidationAutoConfiguration, org.springframework.boot.autoconfigure.web.servlet.error.ErrorMvcAutoConfiguration, org.springframework.boot.autoconfigure.web.servlet.WebMvcAutoConfiguration, org.springframework.boot.test.autoconfigure.web.servlet.MockMvcAutoConfiguration, org.springframework.boot.test.autoconfigure.web.servlet.MockMvcSecurityAutoConfiguration, org.springframework.boot.test.autoconfigure.web.servlet.MockMvcWebClientAutoConfiguration, org.springframework.boot.test.autoconfigure.web.servlet.MockMvcWebDriverAutoConfiguration]], org.springframework.boot.test.context.filter.ExcludeFilterContextCustomizer@15e3e66f, org.springframework.boot.test.json.DuplicateJsonObjectContextCustomizerFactory$DuplicateJsonObjectContextCustomizer@70767fa3, org.springframework.boot.test.mock.mockito.MockitoContextCustomizer@0], resourceBasePath = 'src/main/webapp', contextLoader = 'org.springframework.boot.test.context.SpringBootContextLoader', parent = [null]], attributes = map[[empty]]], class annotated with @DirtiesContext [false] with mode [null].
23:16:15.592 [Test worker] DEBUG org.springframework.test.annotation.ProfileValueUtils - Retrieved @ProfileValueSourceConfiguration [null] for test class [com.gicheol.book.springboot.web.HelloControllerTest]
23:16:15.592 [Test worker] DEBUG org.springframework.test.annotation.ProfileValueUtils - Retrieved ProfileValueSource type [class org.springframework.test.annotation.SystemProfileValueSource] for class [com.gicheol.book.springboot.web.HelloControllerTest]
23:16:15.600 [Test worker] DEBUG org.springframework.test.context.support.DependencyInjectionTestExecutionListener - Performing dependency injection for test context [[DefaultTestContext@6ea507d6 testClass = HelloControllerTest, testInstance = com.gicheol.book.springboot.web.HelloControllerTest@1fea9b22, testMethod = [null], testException = [null], mergedContextConfiguration = [WebMergedContextConfiguration@39e5560 testClass = HelloControllerTest, locations = '{}', classes = '{class com.gicheol.book.springboot.Application}', contextInitializerClasses = '[]', activeProfiles = '{}', propertySourceLocations = '{}', propertySourceProperties = '{org.springframework.boot.test.autoconfigure.web.servlet.WebMvcTestContextBootstrapper=true}', contextCustomizers = set[org.springframework.boot.test.autoconfigure.OverrideAutoConfigurationContextCustomizerFactory$DisableAutoConfigurationContextCustomizer@734fa180, org.springframework.boot.test.autoconfigure.filter.TypeExcludeFiltersContextCustomizer@8a65c6fb, org.springframework.boot.test.autoconfigure.properties.PropertyMappingContextCustomizer@f8663c5a, org.springframework.boot.test.autoconfigure.web.servlet.WebDriverContextCustomizerFactory$Customizer@30c46ad7, [ImportsContextCustomizer@604febff key = [org.springframework.boot.autoconfigure.cache.CacheAutoConfiguration, org.springframework.boot.autoconfigure.context.MessageSourceAutoConfiguration, org.springframework.boot.autoconfigure.data.web.SpringDataWebAutoConfiguration, org.springframework.boot.autoconfigure.freemarker.FreeMarkerAutoConfiguration, org.springframework.boot.autoconfigure.groovy.template.GroovyTemplateAutoConfiguration, org.springframework.boot.autoconfigure.gson.GsonAutoConfiguration, org.springframework.boot.autoconfigure.hateoas.HypermediaAutoConfiguration, org.springframework.boot.autoconfigure.http.HttpMessageConvertersAutoConfiguration, org.springframework.boot.autoconfigure.jackson.JacksonAutoConfiguration, org.springframework.boot.autoconfigure.jsonb.JsonbAutoConfiguration, org.springframework.boot.autoconfigure.mustache.MustacheAutoConfiguration, org.springframework.boot.autoconfigure.task.TaskExecutionAutoConfiguration, org.springframework.boot.autoconfigure.thymeleaf.ThymeleafAutoConfiguration, org.springframework.boot.autoconfigure.validation.ValidationAutoConfiguration, org.springframework.boot.autoconfigure.web.servlet.error.ErrorMvcAutoConfiguration, org.springframework.boot.autoconfigure.web.servlet.WebMvcAutoConfiguration, org.springframework.boot.test.autoconfigure.web.servlet.MockMvcAutoConfiguration, org.springframework.boot.test.autoconfigure.web.servlet.MockMvcSecurityAutoConfiguration, org.springframework.boot.test.autoconfigure.web.servlet.MockMvcWebClientAutoConfiguration, org.springframework.boot.test.autoconfigure.web.servlet.MockMvcWebDriverAutoConfiguration]], org.springframework.boot.test.context.filter.ExcludeFilterContextCustomizer@15e3e66f, org.springframework.boot.test.json.DuplicateJsonObjectContextCustomizerFactory$DuplicateJsonObjectContextCustomizer@70767fa3, org.springframework.boot.test.mock.mockito.MockitoContextCustomizer@0], resourceBasePath = 'src/main/webapp', contextLoader = 'org.springframework.boot.test.context.SpringBootContextLoader', parent = [null]], attributes = map[[empty]]]].
23:16:15.771 [Test worker] DEBUG org.springframework.test.context.support.TestPropertySourceUtils - Adding inlined properties to environment: {spring.jmx.enabled=false, org.springframework.boot.test.autoconfigure.web.servlet.WebMvcTestContextBootstrapper=true, server.port=-1}

  .   ____          _            __ _ _
 /\\ / ___'_ __ _ _(_)_ __  __ _ \ \ \ \
( ( )\___ | '_ | '_| | '_ \/ _` | \ \ \ \
 \\/  ___)| |_)| | | | | || (_| |  ) ) ) )
  '  |____| .__|_| |_|_| |_\__, | / / / /
 =========|_|==============|___/=/_/_/_/
 :: Spring Boot ::        (v2.1.7.RELEASE)

2020-11-27 23:16:16.188  INFO 3898 --- [    Test worker] c.g.b.s.web.HelloControllerTest          : Starting HelloControllerTest on Mac-mini.local with PID 3898 (started by ekkkk1 in /Users/ekkkk1/tools/AlgorithmDataStructure/commit/springboot_aws_webService)
2020-11-27 23:16:16.193  INFO 3898 --- [    Test worker] c.g.b.s.web.HelloControllerTest          : No active profile set, falling back to default profiles: default
2020-11-27 23:16:18.423  INFO 3898 --- [    Test worker] o.s.s.concurrent.ThreadPoolTaskExecutor  : Initializing ExecutorService 'applicationTaskExecutor'
2020-11-27 23:16:18.580  INFO 3898 --- [    Test worker] o.s.b.a.w.s.WelcomePageHandlerMapping    : Adding welcome page template: index
2020-11-27 23:16:19.161  INFO 3898 --- [    Test worker] .s.s.UserDetailsServiceAutoConfiguration : 

Using generated security password: 69420059-b55b-4a94-834c-09e09ce99f2f

2020-11-27 23:16:19.501  INFO 3898 --- [    Test worker] o.s.s.web.DefaultSecurityFilterChain     : Creating filter chain: any request, [org.springframework.security.web.context.request.async.WebAsyncManagerIntegrationFilter@26ee0a59, org.springframework.security.web.context.SecurityContextPersistenceFilter@1d8d158f, org.springframework.security.web.header.HeaderWriterFilter@6302512f, org.springframework.security.web.csrf.CsrfFilter@4e5c6d74, org.springframework.security.web.authentication.logout.LogoutFilter@683a9bc8, org.springframework.security.web.authentication.UsernamePasswordAuthenticationFilter@eb91c8f, org.springframework.security.web.authentication.ui.DefaultLoginPageGeneratingFilter@481be3b8, org.springframework.security.web.authentication.ui.DefaultLogoutPageGeneratingFilter@50425592, org.springframework.security.web.authentication.www.BasicAuthenticationFilter@73e4c77b, org.springframework.security.web.savedrequest.RequestCacheAwareFilter@1a57123a, org.springframework.security.web.servletapi.SecurityContextHolderAwareRequestFilter@55b83079, org.springframework.security.web.authentication.AnonymousAuthenticationFilter@49e32c0b, org.springframework.security.web.session.SessionManagementFilter@1de2e4a8, org.springframework.security.web.access.ExceptionTranslationFilter@53093202, org.springframework.security.web.access.intercept.FilterSecurityInterceptor@5bbf37a5]
2020-11-27 23:16:19.576  INFO 3898 --- [    Test worker] o.s.b.t.m.w.SpringBootMockServletContext : Initializing Spring TestDispatcherServlet ''
2020-11-27 23:16:19.576  INFO 3898 --- [    Test worker] o.s.t.web.servlet.TestDispatcherServlet  : Initializing Servlet ''
2020-11-27 23:16:19.598  INFO 3898 --- [    Test worker] o.s.t.web.servlet.TestDispatcherServlet  : Completed initialization in 22 ms
2020-11-27 23:16:19.676  INFO 3898 --- [    Test worker] c.g.b.s.web.HelloControllerTest          : Started HelloControllerTest in 3.889 seconds (JVM running for 5.495)
]]></system-out>
  <system-err><![CDATA[]]></system-err>
</testsuite>
