<?xml version="1.0" encoding="UTF-8"?>
<testsuite name="com.gicheol.book.springboot.web.PostsApiControllerTest" tests="2" skipped="0" failures="0" errors="0" timestamp="2020-11-27T14:16:28" hostname="Mac-mini.local" time="0.313">
  <properties/>
  <testcase name="posts_insert" classname="com.gicheol.book.springboot.web.PostsApiControllerTest" time="0.267"/>
  <testcase name="posts_update" classname="com.gicheol.book.springboot.web.PostsApiControllerTest" time="0.045"/>
  <system-out><![CDATA[2020-11-27 23:16:28.231  INFO 3898 --- [    Test worker] .b.t.c.SpringBootTestContextBootstrapper : Neither @ContextConfiguration nor @ContextHierarchy found for test class [com.gicheol.book.springboot.web.PostsApiControllerTest], using SpringBootContextLoader
2020-11-27 23:16:28.233  INFO 3898 --- [    Test worker] o.s.t.c.support.AbstractContextLoader    : Could not detect default resource locations for test class [com.gicheol.book.springboot.web.PostsApiControllerTest]: no resource found for suffixes {-context.xml, Context.groovy}.
2020-11-27 23:16:28.234  INFO 3898 --- [    Test worker] t.c.s.AnnotationConfigContextLoaderUtils : Could not detect default configuration classes for test class [com.gicheol.book.springboot.web.PostsApiControllerTest]: PostsApiControllerTest does not declare any static, non-private, non-final, nested classes annotated with @Configuration.
2020-11-27 23:16:28.237  INFO 3898 --- [    Test worker] .b.t.c.SpringBootTestContextBootstrapper : Found @SpringBootConfiguration com.gicheol.book.springboot.Application for test class com.gicheol.book.springboot.web.PostsApiControllerTest
2020-11-27 23:16:28.239  INFO 3898 --- [    Test worker] .b.t.c.SpringBootTestContextBootstrapper : Loaded default TestExecutionListener class names from location [META-INF/spring.factories]: [org.springframework.security.test.context.support.WithSecurityContextTestExecutionListener, org.springframework.security.test.context.support.ReactorContextTestExecutionListener, org.springframework.boot.test.autoconfigure.restdocs.RestDocsTestExecutionListener, org.springframework.boot.test.autoconfigure.web.client.MockRestServiceServerResetTestExecutionListener, org.springframework.boot.test.autoconfigure.web.servlet.MockMvcPrintOnlyOnFailureTestExecutionListener, org.springframework.boot.test.autoconfigure.web.servlet.WebDriverTestExecutionListener, org.springframework.boot.test.mock.mockito.MockitoTestExecutionListener, org.springframework.boot.test.mock.mockito.ResetMocksTestExecutionListener, org.springframework.test.context.web.ServletTestExecutionListener, org.springframework.test.context.support.DirtiesContextBeforeModesTestExecutionListener, org.springframework.test.context.support.DependencyInjectionTestExecutionListener, org.springframework.test.context.support.DirtiesContextTestExecutionListener, org.springframework.test.context.transaction.TransactionalTestExecutionListener, org.springframework.test.context.jdbc.SqlScriptsTestExecutionListener]
2020-11-27 23:16:28.242  INFO 3898 --- [    Test worker] .b.t.c.SpringBootTestContextBootstrapper : Using TestExecutionListeners: [org.springframework.test.context.web.ServletTestExecutionListener@65076db8, org.springframework.test.context.support.DirtiesContextBeforeModesTestExecutionListener@31a09b4b, org.springframework.boot.test.mock.mockito.MockitoTestExecutionListener@52a42f86, org.springframework.boot.test.autoconfigure.SpringBootDependencyInjectionTestExecutionListener@47ca9832, org.springframework.test.context.support.DirtiesContextTestExecutionListener@197e47de, org.springframework.test.context.transaction.TransactionalTestExecutionListener@2cb1fd79, org.springframework.test.context.jdbc.SqlScriptsTestExecutionListener@5f1a2f76, org.springframework.security.test.context.support.WithSecurityContextTestExecutionListener@4c8237af, org.springframework.security.test.context.support.ReactorContextTestExecutionListener@2729c956, org.springframework.boot.test.autoconfigure.restdocs.RestDocsTestExecutionListener@450b2ff, org.springframework.boot.test.autoconfigure.web.client.MockRestServiceServerResetTestExecutionListener@a3f5c9c, org.springframework.boot.test.autoconfigure.web.servlet.MockMvcPrintOnlyOnFailureTestExecutionListener@575d3d3b, org.springframework.boot.test.autoconfigure.web.servlet.WebDriverTestExecutionListener@3ed73dff, org.springframework.boot.test.mock.mockito.ResetMocksTestExecutionListener@3f11b790]
2020-11-27 23:16:28.257  INFO 3898 --- [    Test worker] o.a.c.c.C.[Tomcat].[localhost].[/]       : Initializing Spring TestDispatcherServlet ''
2020-11-27 23:16:28.257  INFO 3898 --- [    Test worker] o.s.t.web.servlet.TestDispatcherServlet  : Initializing Servlet ''
2020-11-27 23:16:28.261  INFO 3898 --- [    Test worker] o.s.t.web.servlet.TestDispatcherServlet  : Completed initialization in 4 ms
Hibernate: insert into posts (create_date, modified_date, author, content, title) values (?, ?, ?, ?, ?)
Hibernate: select posts0_.id as id1_0_, posts0_.create_date as create_d2_0_, posts0_.modified_date as modified3_0_, posts0_.author as author4_0_, posts0_.content as content5_0_, posts0_.title as title6_0_ from posts posts0_
Hibernate: select posts0_.id as id1_0_, posts0_.create_date as create_d2_0_, posts0_.modified_date as modified3_0_, posts0_.author as author4_0_, posts0_.content as content5_0_, posts0_.title as title6_0_ from posts posts0_
Hibernate: delete from posts where id=?
2020-11-27 23:16:28.519  INFO 3898 --- [    Test worker] o.a.c.c.C.[Tomcat].[localhost].[/]       : Initializing Spring TestDispatcherServlet ''
2020-11-27 23:16:28.520  INFO 3898 --- [    Test worker] o.s.t.web.servlet.TestDispatcherServlet  : Initializing Servlet ''
2020-11-27 23:16:28.524  INFO 3898 --- [    Test worker] o.s.t.web.servlet.TestDispatcherServlet  : Completed initialization in 4 ms
Hibernate: insert into posts (create_date, modified_date, author, content, title) values (?, ?, ?, ?, ?)
Hibernate: select posts0_.id as id1_0_0_, posts0_.create_date as create_d2_0_0_, posts0_.modified_date as modified3_0_0_, posts0_.author as author4_0_0_, posts0_.content as content5_0_0_, posts0_.title as title6_0_0_ from posts posts0_ where posts0_.id=?
Hibernate: update posts set create_date=?, modified_date=?, author=?, content=?, title=? where id=?
Hibernate: select posts0_.id as id1_0_, posts0_.create_date as create_d2_0_, posts0_.modified_date as modified3_0_, posts0_.author as author4_0_, posts0_.content as content5_0_, posts0_.title as title6_0_ from posts posts0_
Hibernate: select posts0_.id as id1_0_, posts0_.create_date as create_d2_0_, posts0_.modified_date as modified3_0_, posts0_.author as author4_0_, posts0_.content as content5_0_, posts0_.title as title6_0_ from posts posts0_
Hibernate: delete from posts where id=?
]]></system-out>
  <system-err><![CDATA[]]></system-err>
</testsuite>
